<?xml version="1.0" encoding="UTF-8"?>
<testsuite name="library.models.AuthorTest" tests="2" skipped="0" failures="0" errors="0" timestamp="2023-02-13T09:28:29" hostname="LAPTOP-I8VRMRU2" time="0.003">
  <properties/>
  <testcase name="Проверяем на равенство двух авторов. Ожидаем, что они будут не равны" classname="library.models.AuthorTest" time="0.002"/>
  <testcase name="Проверяем на равенство двух авторов. Ожидаем, что они будут равны" classname="library.models.AuthorTest" time="0.001"/>
  <system-out><![CDATA[]]></system-out>
  <system-err><![CDATA[]]></system-err>
</testsuite>
