<?xml version="1.0" encoding="UTF-8"?>
<testsuite name="library.controllers.PutBookControllerTest" tests="2" skipped="0" failures="0" errors="0" timestamp="2023-02-13T09:28:29" hostname="LAPTOP-I8VRMRU2" time="0.002">
  <properties/>
  <testcase name="Проверяем, что если книги с таким названием есть в списке то вернется список с элементом из этих книг" classname="library.controllers.PutBookControllerTest" time="0.001"/>
  <testcase name="Проверяем, что если книги с таким названием нет в списке то вернется пустой список" classname="library.controllers.PutBookControllerTest" time="0.0"/>
  <system-out><![CDATA[]]></system-out>
  <system-err><![CDATA[]]></system-err>
</testsuite>
